[    0.000000] Initializing cgroup subsys cpuset
[    0.000000] Initializing cgroup subsys cpu
[    0.000000] Initializing cgroup subsys cpuacct
[    0.000000] Linux version 4.4.0-66-generic (buildd@lgw01-28) (gcc version 5.4.0 20160609 (Ubuntu 5.4.0-6ubuntu1~16.04.4) ) #87-Ubuntu SMP Fri Mar 3 15:29:05 UTC 2017 (Ubuntu 4.4.0-66.87-generic 4.4.44)
[    0.000000] Command line: BOOT_IMAGE=/boot/vmlinuz-4.4.0-66-generic root=LABEL=cloudimg-rootfs ro console=tty1 console=ttyS0
[    0.000000] KERNEL supported cpus:
[    0.000000]   Intel GenuineIntel
[    0.000000]   AMD AuthenticAMD
[    0.000000]   Centaur CentaurHauls
[    0.000000] x86/fpu: Legacy x87 FPU detected.
[    0.000000] x86/fpu: Using 'lazy' FPU context switches.
[    0.000000] e820: BIOS-provided physical RAM map:
[    0.000000] BIOS-e820: [mem 0x0000000000000000-0x000000000009fbff] usable
[    0.000000] BIOS-e820: [mem 0x000000000009fc00-0x000000000009ffff] reserved
[    0.000000] BIOS-e820: [mem 0x00000000000f0000-0x00000000000fffff] reserved
[    0.000000] BIOS-e820: [mem 0x0000000000100000-0x00000000dffeffff] usable
[    0.000000] BIOS-e820: [mem 0x00000000dfff0000-0x00000000dfffffff] ACPI data
[    0.000000] BIOS-e820: [mem 0x00000000fec00000-0x00000000fec00fff] reserved
[    0.000000] BIOS-e820: [mem 0x00000000fee00000-0x00000000fee00fff] reserved
[    0.000000] BIOS-e820: [mem 0x00000000fffc0000-0x00000000ffffffff] reserved
[    0.000000] BIOS-e820: [mem 0x0000000100000000-0x00000002157fffff] usable
[    0.000000] NX (Execute Disable) protection: active
[    0.000000] SMBIOS 2.5 present.
[    0.000000] Hypervisor detected: KVM
[    0.000000] e820: last_pfn = 0x215800 max_arch_pfn = 0x400000000
[    0.000000] MTRR: Disabled
[    0.000000] x86/PAT: MTRRs disabled, skipping PAT initialization too.
[    0.000000] x86/PAT: Configuration [0-7]: WB  WT  UC- UC  WB  WT  UC- UC  
[    0.000000] CPU MTRRs all blank - virtualized system.
[    0.000000] e820: last_pfn = 0xdfff0 max_arch_pfn = 0x400000000
[    0.000000] found SMP MP-table at [mem 0x0009fff0-0x0009ffff] mapped at [ffff88000009fff0]
[    0.000000] Scanning 1 areas for low memory corruption
[    0.000000] RAMDISK: [mem 0x36ac8000-0x3755bfff]
[    0.000000] ACPI: Early table checksum verification disabled
[    0.000000] ACPI: RSDP 0x00000000000E0000 000024 (v02 VBOX  )
[    0.000000] ACPI: XSDT 0x00000000DFFF0030 00003C (v01 VBOX   VBOXXSDT 00000001 ASL  00000061)
[    0.000000] ACPI: FACP 0x00000000DFFF00F0 0000F4 (v04 VBOX   VBOXFACP 00000001 ASL  00000061)
[    0.000000] ACPI: DSDT 0x00000000DFFF0480 00210F (v01 VBOX   VBOXBIOS 00000002 INTL 20100528)
[    0.000000] ACPI: FACS 0x00000000DFFF0200 000040
[    0.000000] ACPI: FACS 0x00000000DFFF0200 000040
[    0.000000] ACPI: APIC 0x00000000DFFF0240 00006C (v02 VBOX   VBOXAPIC 00000001 ASL  00000061)
[    0.000000] ACPI: SSDT 0x00000000DFFF02B0 0001CC (v01 VBOX   VBOXCPUT 00000002 INTL 20100528)
[    0.000000] No NUMA configuration found
[    0.000000] Faking a node at [mem 0x0000000000000000-0x00000002157fffff]
[    0.000000] NODE_DATA(0) allocated [mem 0x2157f5000-0x2157f9fff]
[    0.000000] kvm-clock: Using msrs 4b564d01 and 4b564d00
[    0.000000] kvm-clock: cpu 0, msr 2:157ed001, primary cpu clock
[    0.000000] kvm-clock: using sched offset of 3090423773 cycles
[    0.000000] clocksource: kvm-clock: mask: 0xffffffffffffffff max_cycles: 0x1cd42e4dffb, max_idle_ns: 881590591483 ns
[    0.000000] Zone ranges:
[    0.000000]   DMA      [mem 0x0000000000001000-0x0000000000ffffff]
[    0.000000]   DMA32    [mem 0x0000000001000000-0x00000000ffffffff]
[    0.000000]   Normal   [mem 0x0000000100000000-0x00000002157fffff]
[    0.000000]   Device   empty
[    0.000000] Movable zone start for each node
[    0.000000] Early memory node ranges
[    0.000000]   node   0: [mem 0x0000000000001000-0x000000000009efff]
[    0.000000]   node   0: [mem 0x0000000000100000-0x00000000dffeffff]
[    0.000000]   node   0: [mem 0x0000000100000000-0x00000002157fffff]
[    0.000000] Initmem setup node 0 [mem 0x0000000000001000-0x00000002157fffff]
[    0.000000] ACPI: PM-Timer IO Port: 0x4008
[    0.000000] IOAPIC[0]: apic_id 4, version 32, address 0xfec00000, GSI 0-23
[    0.000000] ACPI: INT_SRC_OVR (bus 0 bus_irq 0 global_irq 2 dfl dfl)
[    0.000000] ACPI: INT_SRC_OVR (bus 0 bus_irq 9 global_irq 9 high level)
[    0.000000] Using ACPI (MADT) for SMP configuration information
[    0.000000] smpboot: Allowing 4 CPUs, 0 hotplug CPUs
[    0.000000] PM: Registered nosave memory: [mem 0x00000000-0x00000fff]
[    0.000000] PM: Registered nosave memory: [mem 0x0009f000-0x0009ffff]
[    0.000000] PM: Registered nosave memory: [mem 0x000a0000-0x000effff]
[    0.000000] PM: Registered nosave memory: [mem 0x000f0000-0x000fffff]
[    0.000000] PM: Registered nosave memory: [mem 0xdfff0000-0xdfffffff]
[    0.000000] PM: Registered nosave memory: [mem 0xe0000000-0xfebfffff]
[    0.000000] PM: Registered nosave memory: [mem 0xfec00000-0xfec00fff]
[    0.000000] PM: Registered nosave memory: [mem 0xfec01000-0xfedfffff]
[    0.000000] PM: Registered nosave memory: [mem 0xfee00000-0xfee00fff]
[    0.000000] PM: Registered nosave memory: [mem 0xfee01000-0xfffbffff]
[    0.000000] PM: Registered nosave memory: [mem 0xfffc0000-0xffffffff]
[    0.000000] e820: [mem 0xe0000000-0xfebfffff] available for PCI devices
[    0.000000] Booting paravirtualized kernel on KVM
[    0.000000] clocksource: refined-jiffies: mask: 0xffffffff max_cycles: 0xffffffff, max_idle_ns: 7645519600211568 ns
[    0.000000] setup_percpu: NR_CPUS:512 nr_cpumask_bits:512 nr_cpu_ids:4 nr_node_ids:1
[    0.000000] PERCPU: Embedded 33 pages/cpu @ffff880215400000 s98264 r8192 d28712 u524288
[    0.000000] PV qspinlock hash table entries: 256 (order: 0, 4096 bytes)
[    0.000000] Built 1 zonelists in Node order, mobility grouping on.  Total pages: 2021913
[    0.000000] Policy zone: Normal
[    0.000000] Kernel command line: BOOT_IMAGE=/boot/vmlinuz-4.4.0-66-generic root=LABEL=cloudimg-rootfs ro console=tty1 console=ttyS0
[    0.000000] PID hash table entries: 4096 (order: 3, 32768 bytes)
[    0.000000] Memory: 7990768K/8216120K available (8452K kernel code, 1293K rwdata, 3980K rodata, 1488K init, 1316K bss, 225352K reserved, 0K cma-reserved)
[    0.000000] SLUB: HWalign=64, Order=0-3, MinObjects=0, CPUs=4, Nodes=1
[    0.000000] Hierarchical RCU implementation.
[    0.000000] 	Build-time adjustment of leaf fanout to 64.
[    0.000000] 	RCU restricting CPUs from NR_CPUS=512 to nr_cpu_ids=4.
[    0.000000] RCU: Adjusting geometry for rcu_fanout_leaf=64, nr_cpu_ids=4
[    0.000000] NR_IRQS:33024 nr_irqs:456 16
[    0.000000] Console: colour VGA+ 80x25
[    0.000000] console [tty1] enabled
[    0.000000] console [ttyS0] enabled
[    0.000000] tsc: Detected 2925.998 MHz processor
[    4.059392] Calibrating delay loop (skipped) preset value.. 5851.99 BogoMIPS (lpj=11703992)
[    4.125523] pid_max: default: 32768 minimum: 301
[    4.171261] ACPI: Core revision 20150930
[    4.220472] ACPI: 2 ACPI AML tables successfully acquired and loaded
[    4.275730] Security Framework initialized
[    4.310830] Yama: becoming mindful.
[    4.345231] AppArmor: AppArmor initialized
[    4.365284] Dentry cache hash table entries: 1048576 (order: 11, 8388608 bytes)
[    4.437461] Inode-cache hash table entries: 524288 (order: 10, 4194304 bytes)
[    4.518451] Mount-cache hash table entries: 16384 (order: 5, 131072 bytes)
[    4.569542] Mountpoint-cache hash table entries: 16384 (order: 5, 131072 bytes)
[    4.575934] Initializing cgroup subsys io
[    4.582332] Initializing cgroup subsys memory
[    4.635650] Initializing cgroup subsys devices
[    4.642055] Initializing cgroup subsys freezer
[    4.655979] Initializing cgroup subsys net_cls
[    4.672605] Initializing cgroup subsys perf_event
[    4.722939] Initializing cgroup subsys net_prio
[    4.739869] Initializing cgroup subsys hugetlb
[    4.740898] Initializing cgroup subsys pids
[    4.741960] CPU: Physical Processor ID: 0
[    4.759859] CPU: Processor Core ID: 0
[    4.789527] mce: CPU supports 0 MCE banks
[    4.807897] Last level iTLB entries: 4KB 512, 2MB 7, 4MB 7
[    4.810194] Last level dTLB entries: 4KB 512, 2MB 32, 4MB 32, 1GB 0
[    4.813612] Freeing SMP alternatives memory: 32K (ffffffff820b9000 - ffffffff820c1000)
[    4.833112] ftrace: allocating 32123 entries in 126 pages
[    4.887669] smpboot: APIC(0) Converting physical 0 to logical package 0
[    4.987234] smpboot: Max logical packages: 1
[    5.043729] x2apic enabled
[    5.093241] Switched APIC routing to physical x2apic.
[    5.183757] ..TIMER: vector=0x30 apic1=0 pin1=2 apic2=-1 pin2=-1
[    5.384061] smpboot: CPU0: Intel(R) Xeon(R) CPU           X5670  @ 2.93GHz (family: 0x6, model: 0x2c, stepping: 0x2)
[    5.470035] Performance Events: unsupported p6 CPU model 44 no PMU driver, software events only.
[    5.599565] KVM setup paravirtual spinlock
[    5.620649] x86: Booting SMP configuration:
[    5.680928] .... node  #0, CPUs:      #1
[    5.713411] kvm-clock: cpu 1, msr 2:157ed041, secondary cpu clock
[    5.720249] mce: CPU supports 0 MCE banks
[    5.780446]  #2
[    5.807486] kvm-clock: cpu 2, msr 2:157ed081, secondary cpu clock
[    5.853521] mce: CPU supports 0 MCE banks
[    5.876745]  #3
[    5.890536] kvm-clock: cpu 3, msr 2:157ed0c1, secondary cpu clock
[    5.920681] mce: CPU supports 0 MCE banks
[    5.925507] x86: Booted up 1 node, 4 CPUs
[    5.940736] smpboot: Total of 4 processors activated (23407.98 BogoMIPS)
[    5.949101] devtmpfs: initialized
[    6.009433] evm: security.selinux
[    6.059040] evm: security.SMACK64
[    6.059843] evm: security.SMACK64EXEC
[    6.072598] evm: security.SMACK64TRANSMUTE
[    6.092040] evm: security.SMACK64MMAP
[    6.152197] evm: security.ima
[    6.197685] evm: security.capability
[    6.208192] clocksource: jiffies: mask: 0xffffffff max_cycles: 0xffffffff, max_idle_ns: 7645041785100000 ns
[    6.260028] pinctrl core: initialized pinctrl subsystem
[    6.318416] RTC time:  4:42:13, date: 03/09/17
[    6.355073] NET: Registered protocol family 16
[    6.365657] cpuidle: using governor ladder
[    6.385479] cpuidle: using governor menu
[    6.435318] PCCT header not found.
[    6.465882] ACPI: bus type PCI registered
[    6.483419] acpiphp: ACPI Hot Plug PCI Controller Driver version: 0.5
[    6.563507] PCI: Using configuration type 1 for base access
[    6.579577] ACPI: Added _OSI(Module Device)
[    6.582819] ACPI: Added _OSI(Processor Device)
[    6.584914] ACPI: Added _OSI(3.0 _SCP Extensions)
[    6.585956] ACPI: Added _OSI(Processor Aggregator Device)
[    6.661100] ACPI: Executed 1 blocks of module-level executable AML code
[    6.756015] ACPI: Interpreter enabled
[    6.824069] ACPI: (supports S0 S5)
[    6.879760] ACPI: Using IOAPIC for interrupt routing
[    6.894144] PCI: Using host bridge windows from ACPI; if necessary, use "pci=nocrs" and report a bug
[    6.915117] ACPI: PCI Root Bridge [PCI0] (domain 0000 [bus 00-ff])
[    6.952428] acpi PNP0A03:00: _OSC: OS supports [ASPM ClockPM Segments MSI]
[    6.993651] acpi PNP0A03:00: _OSC failed (AE_NOT_FOUND); disabling ASPM
[    7.020922] acpi PNP0A03:00: fail to add MMCONFIG information, can't access extended PCI configuration space under this bridge.
[    7.035170] PCI host bridge to bus 0000:00
[    7.045476] pci_bus 0000:00: root bus resource [io  0x0000-0x0cf7 window]
[    7.150907] pci_bus 0000:00: root bus resource [io  0x0d00-0xffff window]
[    7.185972] pci_bus 0000:00: root bus resource [mem 0x000a0000-0x000bffff window]
[    7.274532] pci_bus 0000:00: root bus resource [mem 0xe0000000-0xffdfffff window]
[    7.356331] pci_bus 0000:00: root bus resource [bus 00-ff]
[    7.375743] pci 0000:00:01.1: legacy IDE quirk: reg 0x10: [io  0x01f0-0x01f7]
[    7.436639] pci 0000:00:01.1: legacy IDE quirk: reg 0x14: [io  0x03f6]
[    7.464071] pci 0000:00:01.1: legacy IDE quirk: reg 0x18: [io  0x0170-0x0177]
[    7.486184] pci 0000:00:01.1: legacy IDE quirk: reg 0x1c: [io  0x0376]
[    7.656151] pci 0000:00:07.0: quirk: [io  0x4000-0x403f] claimed by PIIX4 ACPI
[    7.727649] pci 0000:00:07.0: quirk: [io  0x4100-0x410f] claimed by PIIX4 SMB
[    7.890696] ACPI: PCI Interrupt Link [LNKA] (IRQs 5 9 10 *11)
[    7.959938] ACPI: PCI Interrupt Link [LNKB] (IRQs 5 9 10 *11)
[    7.976975] ACPI: PCI Interrupt Link [LNKC] (IRQs 5 9 *10 11)
[    7.986493] ACPI: PCI Interrupt Link [LNKD] (IRQs 5 *9 10 11)
[    8.072109] ACPI: Enabled 2 GPEs in block 00 to 07
[    8.079289] vgaarb: setting as boot device: PCI:0000:00:02.0
[    8.109564] vgaarb: device added: PCI:0000:00:02.0,decodes=io+mem,owns=io+mem,locks=none
[    8.155062] vgaarb: loaded
[    8.166652] vgaarb: bridge control possible 0000:00:02.0
[    8.180121] SCSI subsystem initialized
[    8.181179] ACPI: bus type USB registered
[    8.240490] usbcore: registered new interface driver usbfs
[    8.291360] usbcore: registered new interface driver hub
[    8.317702] usbcore: registered new device driver usb
[    8.356844] PCI: Using ACPI for IRQ routing
[    8.375748] NetLabel: Initializing
[    8.379904] NetLabel:  domain hash size = 128
[    8.380944] NetLabel:  protocols = UNLABELED CIPSOv4
[    8.433049] NetLabel:  unlabeled traffic allowed by default
[    8.438434] amd_nb: Cannot enumerate AMD northbridges
[    8.446104] clocksource: Switched to clocksource kvm-clock
[    8.457040] AppArmor: AppArmor Filesystem Enabled
[    8.475361] pnp: PnP ACPI init
[    8.497827] pnp: PnP ACPI: found 3 devices
[    8.588912] clocksource: acpi_pm: mask: 0xffffff max_cycles: 0xffffff, max_idle_ns: 2085701024 ns
[    8.594547] NET: Registered protocol family 2
[    8.658482] TCP established hash table entries: 65536 (order: 7, 524288 bytes)
[    8.712033] TCP bind hash table entries: 65536 (order: 8, 1048576 bytes)
[    8.810059] TCP: Hash tables configured (established 65536 bind 65536)
[    8.870162] UDP hash table entries: 4096 (order: 5, 131072 bytes)
[    8.946953] UDP-Lite hash table entries: 4096 (order: 5, 131072 bytes)
[    9.080548] NET: Registered protocol family 1
[    9.097794] pci 0000:00:00.0: Limiting direct PCI/PCI transfers
[    9.182062] pci 0000:00:01.0: Activating ISA DMA hang workarounds
[    9.183634] Trying to unpack rootfs image as initramfs...
[   10.904522] Freeing initrd memory: 10832K (ffff880036ac8000 - ffff88003755c000)
[   11.039121] PCI-DMA: Using software bounce buffering for IO (SWIOTLB)
[   11.127246] software IO TLB [mem 0xdbff0000-0xdfff0000] (64MB) mapped at [ffff8800dbff0000-ffff8800dffeffff]
[   11.263520] platform rtc_cmos: registered platform RTC device (no PNP device found)
[   11.309586] Scanning for low memory corruption every 60 seconds
[   11.408104] futex hash table entries: 1024 (order: 4, 65536 bytes)
[   11.473884] audit: initializing netlink subsys (disabled)
[   11.475127] audit: type=2000 audit(1489034536.534:1): initialized
[   11.497247] Initialise system trusted keyring
[   11.507132] HugeTLB registered 2 MB page size, pre-allocated 0 pages
[   11.576969] zbud: loaded
[   11.583359] VFS: Disk quotas dquot_6.6.0
[   11.595567] VFS: Dquot-cache hash table entries: 512 (order 0, 4096 bytes)
[   11.753548] squashfs: version 4.0 (2009/01/31) Phillip Lougher
[   11.759233] fuse init (API version 7.23)
[   11.776190] Key type big_key registered
[   11.840554] Allocating IMA MOK and blacklist keyrings.
[   11.877817] Key type asymmetric registered
[   11.946554] Asymmetric key parser 'x509' registered
[   12.023043] Block layer SCSI generic (bsg) driver version 0.4 loaded (major 249)
[   12.155053] io scheduler noop registered
[   12.155962] io scheduler deadline registered (default)
[   12.174351] io scheduler cfq registered
[   12.246463] pci_hotplug: PCI Hot Plug PCI Core version: 0.5
[   12.344356] tsc: Refined TSC clocksource calibration: 2925.163 MHz
[   12.392780] clocksource: tsc: mask: 0xffffffffffffffff max_cycles: 0x2a2a1db38d0, max_idle_ns: 440795343713 ns
[   12.392935] pciehp: PCI Express Hot Plug Controller Driver version: 0.4
[   12.393158] ACPI: AC Adapter [AC] (on-line)
[   12.393208] input: Power Button as /devices/LNXSYSTM:00/LNXPWRBN:00/input/input0
[   12.393211] ACPI: Power Button [PWRF]
[   12.393294] input: Sleep Button as /devices/LNXSYSTM:00/LNXSLPBN:00/input/input1
[   12.393295] ACPI: Sleep Button [SLPF]
[   12.393618] GHES: HEST is not enabled!
[   12.510229] Serial: 8250/16550 driver, 32 ports, IRQ sharing enabled
[   12.538804] 00:02: ttyS0 at I/O 0x3f8 (irq = 4, base_baud = 115200) is a 16550A
[   12.590764] Linux agpgart interface v0.103
[   12.621888] brd: module loaded
[   12.623606] loop: module loaded
[   12.624275] scsi host0: ata_piix
[   12.624482] scsi host1: ata_piix
[   12.624522] ata1: PATA max UDMA/33 cmd 0x1f0 ctl 0x3f6 bmdma 0xd000 irq 14
[   12.624523] ata2: PATA max UDMA/33 cmd 0x170 ctl 0x376 bmdma 0xd008 irq 15
[   12.624671] libphy: Fixed MDIO Bus: probed
[   12.624673] tun: Universal TUN/TAP device driver, 1.6
[   12.624673] tun: (C) 1999-2004 Max Krasnyansky <maxk@qualcomm.com>
[   12.624712] PPP generic driver version 2.4.2
[   12.624765] ehci_hcd: USB 2.0 'Enhanced' Host Controller (EHCI) Driver
[   12.624769] ehci-pci: EHCI PCI platform driver
[   12.624786] ehci-platform: EHCI generic platform driver
[   12.624793] ohci_hcd: USB 1.1 'Open' Host Controller (OHCI) Driver
[   12.624796] ohci-pci: OHCI PCI platform driver
[   12.624804] ohci-platform: OHCI generic platform driver
[   12.624812] uhci_hcd: USB Universal Host Controller Interface driver
[   12.624868] i8042: PNP: PS/2 Controller [PNP0303:PS2K,PNP0f03:PS2M] at 0x60,0x64 irq 1,12
[   12.625385] serio: i8042 KBD port at 0x60,0x64 irq 1
[   12.625390] serio: i8042 AUX port at 0x60,0x64 irq 12
[   12.625506] mousedev: PS/2 mouse device common for all mice
[   12.626101] input: AT Translated Set 2 keyboard as /devices/platform/i8042/serio0/input/input2
[   12.626360] rtc_cmos rtc_cmos: rtc core: registered rtc_cmos as rtc0
[   12.626421] rtc_cmos rtc_cmos: alarms up to one day, 114 bytes nvram
[   12.626429] i2c /dev entries driver
[   12.626486] device-mapper: uevent: version 1.0.3
[   12.626552] device-mapper: ioctl: 4.34.0-ioctl (2015-10-28) initialised: dm-devel@redhat.com
[   12.626569] ledtrig-cpu: registered to indicate activity on CPUs
[   12.627129] NET: Registered protocol family 10
[   12.627360] NET: Registered protocol family 17
[   12.627369] Key type dns_resolver registered
[   12.627572] microcode: CPU0 sig=0x206c2, pf=0x4, revision=0x616
[   12.630393] microcode: CPU1 sig=0x206c2, pf=0x4, revision=0x616
[   12.630403] microcode: CPU2 sig=0x206c2, pf=0x4, revision=0x616
[   12.630435] microcode: CPU3 sig=0x206c2, pf=0x4, revision=0x616
[   12.630470] microcode: Microcode Update Driver: v2.01 <tigran@aivazian.fsnet.co.uk>, Peter Oruba
[   12.630600] registered taskstats version 1
[   12.630612] Loading compiled-in X.509 certificates
[   12.631396] Loaded X.509 cert 'Build time autogenerated kernel key: 32ca4feee90b5cde51f5f8c0e024b22f8c679982'
[   12.631415] zswap: loaded using pool lzo/zbud
[   12.633270] Key type trusted registered
[   12.636444] Key type encrypted registered
[   12.636449] AppArmor: AppArmor sha1 policy hashing enabled
[   12.636451] ima: No TPM chip found, activating TPM-bypass!
[   12.636474] evm: HMAC attrs: 0x1
[   12.636912]   Magic number: 9:761:716
[   12.640650] rtc_cmos rtc_cmos: setting system clock to 2017-03-09 04:42:19 UTC (1489034539)
[   12.640845] BIOS EDD facility v0.16 2004-Jun-25, 0 devices found
[   12.640846] EDD information not available.
[   13.604622] Freeing unused kernel memory: 1488K (ffffffff81f45000 - ffffffff820b9000)
[   13.631055] Write protecting the kernel read-only data: 14336k
[   13.672223] Freeing unused kernel memory: 1776K (ffff880001844000 - ffff880001a00000)
[   13.710724] Freeing unused kernel memory: 116K (ffff880001de3000 - ffff880001e00000)
Loading, please wait...
starting version[   13.752184] random: systemd-udevd: uninitialized urandom read (16 bytes read, 4 bits of entropy available)
 229
[   13.752850] random: udevadm: uninitialized urandom read (16 bytes read, 4 bits of entropy available)
[   13.752889] random: udevadm: uninitialized urandom read (16 bytes read, 4 bits of entropy available)
[   13.753121] random: udevadm: uninitialized urandom read (16 bytes read, 4 bits of entropy available)
[   13.753175] random: udevadm: uninitialized urandom read (16 bytes read, 4 bits of entropy available)
[   13.753228] random: udevadm: uninitialized urandom read (16 bytes read, 4 bits of entropy available)
[   13.753281] random: udevadm: uninitialized urandom read (16 bytes read, 4 bits of entropy available)
[   13.753341] random: udevadm: uninitialized urandom read (16 bytes read, 4 bits of entropy available)
[   13.753400] random: udevadm: uninitialized urandom read (16 bytes read, 4 bits of entropy available)
[   13.753458] random: udevadm: uninitialized urandom read (16 bytes read, 4 bits of entropy available)
[   13.980272] Fusion MPT base driver 3.04.20
[   14.005263] Copyright (c) 1999-2008 LSI Corporation
[   14.041784] e1000: Intel(R) PRO/1000 Network Driver - version 7.3.21-k8-NAPI
[   14.066661] e1000: Copyright (c) 1999-2006 Intel Corporation.
[   14.089822] SSE version of gcm_enc/dec engaged.
[   14.112976] Fusion MPT SPI Host driver 3.04.20
[   14.290680] input: ImExPS/2 Generic Explorer Mouse as /devices/platform/i8042/serio1/input/input4
[   14.455687] e1000 0000:00:03.0 eth0: (PCI:33MHz:32-bit) 02:43:fc:58:af:9d
[   14.560470] e1000 0000:00:03.0 eth0: Intel(R) PRO/1000 Network Connection
[   14.947462] e1000 0000:00:08.0 eth1: (PCI:33MHz:32-bit) 08:00:27:05:bc:a0
[   14.971863] e1000 0000:00:08.0 eth1: Intel(R) PRO/1000 Network Connection
[   14.990232] e1000 0000:00:08.0 enp0s8: renamed from eth1
[   15.025443] mptbase: ioc0: Initiating bringup
[   15.058513] e1000 0000:00:03.0 enp0s3: renamed from eth0
[   15.106568] ioc0: LSI53C1030 A0: Capabilities={Initiator}
[   15.313031] scsi host2: ioc0: LSI53C1030 A0, FwRev=00000000h, Ports=1, MaxQ=256, IRQ=20
[   15.430782] scsi 2:0:0:0: Direct-Access     VBOX     HARDDISK         1.0  PQ: 0 ANSI: 5
[   15.455197] scsi target2:0:0: Beginning Domain Validation
[   15.470452] scsi target2:0:0: Domain Validation skipping write tests
[   15.491239] scsi target2:0:0: Ending Domain Validation
[   15.520312] scsi target2:0:0: asynchronous
[   15.533242] scsi 2:0:1:0: Direct-Access     VBOX     HARDDISK         1.0  PQ: 0 ANSI: 5
[   15.552753] scsi target2:0:1: Beginning Domain Validation
[   15.591271] scsi target2:0:1: Domain Validation skipping write tests
[   15.604437] scsi target2:0:1: Ending Domain Validation
[   15.665702] scsi target2:0:1: asynchronous
[   15.674854] sd 2:0:0:0: Attached scsi generic sg0 type 0
[   15.680661] sd 2:0:0:0: [sda] 20971520 512-byte logical blocks: (10.7 GB/10.0 GiB)
[   15.682794] sd 2:0:0:0: [sda] Write Protect is off
[   15.683140] sd 2:0:1:0: [sdb] 20480 512-byte logical blocks: (10.5 MB/10.0 MiB)
[   15.683438] sd 2:0:1:0: [sdb] Write Protect is off
[   15.683643] sd 2:0:1:0: [sdb] Incomplete mode parameter data
[   15.683645] sd 2:0:1:0: [sdb] Assuming drive cache: write through
[   15.719230] sd 2:0:1:0: Attached scsi generic sg1 type 0
[   15.724798] sd 2:0:0:0: [sda] Incomplete mode parameter data
[   15.727075] sd 2:0:1:0: [sdb] Attached SCSI disk
[   15.745919] sd 2:0:0:0: [sda] Assuming drive cache: write through
[   15.780411]  sda: sda1
[   15.791248] sd 2:0:0:0: [sda] Attached SCSI disk
[   17.020460] floppy0: no floppy controllers found
Begin: Loading e[   18.423054] md: linear personality registered for level -1
ssential drivers ... [   18.458955] md: multipath personality registered for level -4
[   18.484998] md: raid0 personality registered for level 0
[   18.504348] md: raid1 personality registered for level 1
[   18.622464] raid6: sse2x1   gen()  7790 MB/s
[   18.714243] raid6: sse2x1   xor()  6221 MB/s
[   18.782251] raid6: sse2x2   gen()  9374 MB/s
[   18.850188] raid6: sse2x2   xor()  7258 MB/s
[   18.922138] raid6: sse2x4   gen() 10190 MB/s
[   19.014579] raid6: sse2x4   xor()  7788 MB/s
[   19.039008] raid6: using algorithm sse2x4 gen() 10190 MB/s
[   19.058642] raid6: .... xor() 7788 MB/s, rmw enabled
[   19.076391] raid6: using ssse3x2 recovery algorithm
[   19.145972] xor: measuring software checksum speed
[   19.194582]    prefetch64-sse: 14875.000 MB/sec
[   19.246180]    generic_sse: 11776.000 MB/sec
[   19.267722] xor: using function: prefetch64-sse (14875.000 MB/sec)
[   19.285175] async_tx: api initialized (async)
[   19.311569] md: raid6 personality registered for level 6
[   19.317451] md: raid5 personality registered for level 5
[   19.331245] md: raid4 personality registered for level 4
[   19.361139] md: raid10 personality registered for level 10
done.
Begin: Running /scripts/init-premount ... done.
Begin: Mounting root file system ... Begin: Running /scripts/local-top ... done.
Begin: Running /scripts/local-premount ... [   19.404299] Btrfs loaded
Scanning for Btrfs filesystems
done.
Warning: fsck not present, so sk[   19.471627] EXT4-fs (sda1): mounted filesystem with ordered data mode. Opts: (null)
ipping root file system
done.
Begin: Running /scripts/local-bottom ... done.
Begin: Running /scripts/init-bottom ... done.
[   19.980219] systemd[1]: systemd 229 running in system mode. (+PAM +AUDIT +SELINUX +IMA +APPARMOR +SMACK +SYSVINIT +UTMP +LIBCRYPTSETUP +GCRYPT +GNUTLS +ACL +XZ -LZ4 +SECCOMP +BLKID +ELFUTILS +KMOD -IDN)
[   20.043844] systemd[1]: Detected virtualization oracle.
[   20.053787] systemd[1]: Detected architecture x86-64.

Welcome to [1mUbuntu 16.04.2 LTS[0m!

[   20.099157] systemd[1]: Set hostname to <ubuntu>.
[   20.123850] systemd[1]: Initializing machine ID from random generator.
[   20.176025] systemd[1]: Installed transient /etc/machine-id file.
[   20.382107] systemd[1]: Listening on /dev/initctl Compatibility Named Pipe.
[[0;32m  OK  [0m] Listening on /dev/initctl Compatibility Named Pipe.
[   20.430917] systemd[1]: Reached target Swap.
[[0;32m  OK  [0m] Reached target Swap.
[   20.457236] systemd[1]: Listening on Journal Audit Socket.
[[0;32m  OK  [0m] Listening on Journal Audit Socket.
[   20.554670] systemd[1]: Listening on udev Control Socket.
[[0;32m  OK  [0m] Listening on udev Control Socket.
[   20.699008] systemd[1]: Created slice User and Session Slice.
[[0;32m  OK  [0m] Created slice User and Session Slice.
[   20.838709] systemd[1]: Started Forward Password Requests to Wall Directory Watch.
[[0;32m  OK  [0m] Started Forward Password Requests to Wall Directory Watch.
[   21.030687] systemd[1]: Created slice System Slice.
[[0;32m  OK  [0m] Created slice System Slice.
[   21.155542] systemd[1]: Reached target User and Group Name Lookups.
[[0;32m  OK  [0m] Reached target User and Group Name Lookups.
[   21.270779] systemd[1]: Reached target Slices.
[[0;32m  OK  [0m] Reached target Slices.
[   21.338644] systemd[1]: Listening on Device-mapper event daemon FIFOs.
[[0;32m  OK  [0m] Listening on Device-mapper event daemon FIFOs.
[   21.434692] systemd[1]: Listening on Syslog Socket.
[[0;32m  OK  [0m] Listening on Syslog Socket.
[   21.479008] systemd[1]: Reached target Encrypted Volumes.
[[0;32m  OK  [0m] Reached target Encrypted Volumes.
[   21.522495] systemd[1]: Listening on LVM2 metadata daemon socket.
[[0;32m  OK  [0m] Listening on LVM2 metadata daemon socket.
[   21.566509] systemd[1]: Listening on udev Kernel Socket.
[[0;32m  OK  [0m] Listening on udev Kernel Socket.
[   21.718901] systemd[1]: Set up automount Arbitrary Executable File Formats File System Automount Point.
[[0;32m  OK  [0m] Set up automount Arbitrary Executab...ats File System Automount Point.
[   21.946517] systemd[1]: Listening on LVM2 poll daemon socket.
[[0;32m  OK  [0m] Listening on LVM2 poll daemon socket.
[   22.010712] systemd[1]: Created slice system-serial\x2dgetty.slice.
[[0;32m  OK  [0m] Created slice system-serial\x2dgetty.slice.
[   22.066858] systemd[1]: Listening on Journal Socket.
[[0;32m  OK  [0m] Listening on Journal Socket.
[   22.120381] systemd[1]: Mounting Debug File System...
         Mounting Debug File System...
[   22.172089] systemd[1]: Mounting Huge Pages File System...
         Mounting Huge Pages File System...
[   22.226744] systemd[1]: Starting Monitoring of LVM2 mirrors, snapshots etc. using dmeventd or progress polling...
         Starting Monitoring of LVM2 mirrors... dmeventd or progress polling...
[   22.323426] systemd[1]: Starting Set console keymap...
         Starting Set console keymap...
[   22.343073] systemd[1]: Starting Nameserver information manager...
         Starting Nameserver information manager...
[   22.426613] systemd[1]: Starting Remount Root and Kernel File Systems...
[   22.429190] EXT4-fs (sda1): re-mounted. Opts: (null)
         Starting Remount Root and Kernel File Systems...
[   22.483412] systemd[1]: Starting Uncomplicated firewall...
         Starting Uncomplicated firewall...
[   22.530754] systemd[1]: Starting Load Kernel Modules...
[   22.541506] Loading iSCSI transport class v2.0-870.
         Starting Load Kernel Mo[   22.606664] iscsi: registered transport (tcp)
dules...
[   22.641023] systemd[1]: Listening on Journal Socket (/dev/log).
[   22.641125] random: nonblocking pool is initialized
[[0;32m  OK  [0m] Listening on Journal Socket (/dev/log).
[   22.682222] systemd[1]: Starting Journal Service...
         Starting Journal Service...
[   22.702935] systemd[1]: Mounting POSIX Message Queue File System...
[   22.706913] iscsi: registered transport (iser)
         Mounting POSIX Message Queue File System...
[   22.810598] systemd[1]: Starting Create list of required static device nodes for the current kernel...
         Starting Create list of required st... nodes for the current kernel...
[   22.907257] systemd[1]: Mounted Debug File System.
[[0;32m  OK  [0m] Mounted Debug File System.
[   22.950554] systemd[1]: Mounted POSIX Message Queue File System.
[[0;32m  OK  [0m] Mounted POSIX Message Queue File System.
[   23.089179] systemd[1]: Mounted Huge Pages File System.
[[0;32m  OK  [0m] Mounted Huge Pages File System.
[   23.202606] systemd[1]: Started Journal Service.
[[0;32m  OK  [0m] Started Journal Service.
[[0;32m  OK  [0m] Started Set console keymap.
[[0;32m  OK  [0m] Started Remount Root and Kernel File Systems.
[[0;32m  OK  [0m] Started Uncomplicated firewall.
[[0;32m  OK  [0m] Started Load Kernel Modules.
[[0;32m  OK  [0m] Started Create list of required sta...ce nodes for the current kernel.
[[0;32m  OK  [0m] Started Nameserver information manager.
[[0;32m  OK  [0m] Started LVM2 metadata daemon.
         Starting Create Static Device Nodes in /dev...
         Mounting FUSE Control File System...
         Starting Apply Kernel Variables...
         Starting Initial cloud-init job (pre-networking)...
         Starting Load/Save Random Seed...
         Starting udev Coldplug all Devices...
         Starting Flush Journal to Persistent Storage...
[[0;32m  OK  [0m] Mounted FUSE Control File System.
[[0;32m  OK  [0m] Started Create Static Device Nodes in /dev.
[[0;32m  OK  [0m] Started Apply Kernel Variables.
[[0;32m  OK  [0m] Started Load/Save Random Seed.
[[0;32m  OK  [0m] Started Flush Journal to Persistent Storage.
[[0;32m  OK  [0m] Started udev Coldplug all Devices.
         Starting udev Kernel Device Manager...
[[0;32m  OK  [0m] Started udev Kernel Device Manager.
[[0;32m  OK  [0m] Started Dispatch Password Requests to Console Directory Watch.
[[0;32m  OK  [0m] Found device /dev/ttyS0.
[[0;32m  OK  [0m] Started Monitoring of LVM2 mirrors,...ng dmeventd or progress polling.
[[0;32m  OK  [0m] Reached target Local File Systems (Pre).
[[0;32m  OK  [0m] Reached target Local File Systems.
         Starting LSB: AppArmor initialization...
         Starting Tell Plymouth To Write Out Runtime Data...
         Starting Create Volatile Files and Directories...
         Starting Commit a transient machine-id on disk...
[   16.900122] cloud-init[498]: Cloud-init v. 0.7.9 running 'init-local' at Thu, 09 Mar 2017 04:42:31 +0000. Up 16.66 seconds.
         Starting Set console font and keymap...
[[0;32m  OK  [0m] Started Tell Plymouth To Write Out Runtime Data.
[[0;32m  OK  [0m] Started Create Volatile Files and Directories.
[[0;32m  OK  [0m] Started Commit a transient machine-id on disk.
[[0;32m  OK  [0m] Started Initial cloud-init job (pre-networking).
[[0;32m  OK  [0m] Listening on Load/Save RF Kill Switch Status /dev/rfkill Watch.
[[0;32m  OK  [0m] Reached target Network (Pre).
         Starting Update UTMP about System Boot/Shutdown...
[[0;32m  OK  [0m] Reached target System Time Synchronized.
[[0;32m  OK  [0m] Started Update UTMP about System Boot/Shutdown.
[[0;32m  OK  [0m] Started LSB: AppArmor initialization.
         Starting Raise network interfaces...
[[0;32m  OK  [0m] Started Set console font and keymap.
[[0;32m  OK  [0m] Created slice system-getty.slice.
[[0;32m  OK  [0m] Started Raise network interfaces.
         Starting Initial cloud-init job (metadata service crawler)...
[[0;32m  OK  [0m] Reached target Network.
[   20.477361] cloud-init[1088]: Cloud-init v. 0.7.9 running 'init' at Thu, 09 Mar 2017 04:42:34 +0000. Up 19.98 seconds.
[   20.520556] [cloud-init[0;32m  OK  [0m[1088]: ] ci-info: ++++++++++++++++++++++++++++++++++++++Net device info++++++++++++++++++++++++++++++++++++++Started Initial cloud-init job (metadata service crawler).

[   20.548997] [cloud-init[0;32m  OK  [0m[1088]: ] ci-info: +--------+-------+----------------------------+---------------+-------+-------------------+Reached target System Initialization.

[[   20.549314] [0;32m  OK  [0mcloud-init] [1088]: Started Timer to automatically refresh installed snaps.ci-info: | Device |   Up  |          Address           |      Mask     | Scope |     Hw-Address    |

[   20.692362] [cloud-init[0;32m  OK  [0m[1088]: ] ci-info: +--------+-------+----------------------------+---------------+-------+-------------------+Started ACPI Events Check.

[[   20.692698] [0;32m  OK  [0mcloud-init] [1088]: Listening on D-Bus System Message Bus Socket.ci-info: | enp0s3 |  True |         10.0.2.15          | 255.255.255.0 |   .   | 02:43:fc:58:af:9d |

[   20.796759] [cloud-init[0;32m  OK  [0m[1088]: ] ci-info: | enp0s3 |  True | fe80::43:fcff:fe58:af9d/64 |       .       |  link | 02:43:fc:58:af:9d |Listening on UUID daemon activation socket.

[   20.797091] cloud-init[1088]: ci-info: |   lo   |  True |         127.0.0.1          |   255.0.0.0   |   .   |         .         |
[   20.912451]          cloud-initStarting LXD - unix socket.[1088]: 
ci-info: |   lo   |  True |          ::1/128           |       .       |  host |         .         |
[   20.976452]          cloud-initStarting Socket activation for snappy daemon.[1088]: 
ci-info: | enp0s8 | False |             .              |       .       |   .   | 08:00:27:05:bc:a0 |
[   21.036387] [cloud-init[0;32m  OK  [0m[1088]: ] ci-info: +--------+-------+----------------------------+---------------+-------+-------------------+Listening on ACPID Listen Socket.

[   21.090123] [cloud-init[0;32m  OK  [0m[1088]: ] ci-info: +++++++++++++++++++++++++++Route IPv4 info++++++++++++++++++++++++++++Started Daily Cleanup of Temporary Directories.

[[   21.090446] [0;32m  OK  [0mcloud-init] [1088]: Started Daily apt activities.ci-info: +-------+-------------+----------+---------------+-----------+-------+

[   21.184363] [cloud-init[0;32m  OK  [0m[1088]: ] ci-info: | Route | Destination | Gateway  |    Genmask    | Interface | Flags |Reached target Timers.

[[   21.184702] [0;32m  OK  [0mcloud-init] [1088]: Started Trigger resolvconf update for networkd DNS.ci-info: +-------+-------------+----------+---------------+-----------+-------+

[   21.272455] [cloud-init[0;32m  OK  [0m[1088]: ] ci-info: |   0   |   0.0.0.0   | 10.0.2.2 |    0.0.0.0    |   enp0s3  |   UG  |Reached target Paths.

[[   21.272756] [0;32m  OK  [0mcloud-init] [1088]: Reached target Network is Online.ci-info: |   1   |   10.0.2.0  | 0.0.0.0  | 255.255.255.0 |   enp0s3  |   U   |

         [   21.388494] Starting iSCSI initiator daemon (iscsid)...cloud-init
[1088]: ci-info: +-------+-------------+----------+---------------+-----------+-------+
[[   21.388903] [0;32m  OK  [0mcloud-init] [1088]: Reached target Cloud-config availability.Generating public/private rsa key pair.

[   21.468388] [cloud-init[0;32m  OK  [0m[1088]: ] Your identification has been saved in /etc/ssh/ssh_host_rsa_key.Listening on LXD - unix socket.

[   21.468736] [cloud-init[0;32m  OK  [0m[1088]: ] Your public key has been saved in /etc/ssh/ssh_host_rsa_key.pub.Listening on Socket activation for snappy daemon.

[   21.560347] [cloud-init[0;32m  OK  [0m[1088]: ] The key fingerprint is:Started iSCSI initiator daemon (iscsid).

[   21.560694] cloud-init[1088]: SHA256:U8dqnL8SHDzXWHCDWTYZT3U+pVTmxQc5AyYe8jW2AjQ root@ubuntu-xenial
[   21.636306]          cloud-initStarting Login to default iSCSI targets...[1088]: 
The key's randomart image is:
[   21.664602] [cloud-init[0;32m  OK  [0m[1088]: ] +---[RSA 2048]----+Reached target Sockets.

[   21.665002] [cloud-init[0;32m  OK  [0m[1088]: ] |       .E o B*XBX|Reached target Basic System.

[   21.724427]          cloud-initStarting Accounts Service...[1088]: 
|         * Bo**X*|
[   21.776365] [cloud-init[0;32m  OK  [0m[1088]: ] |         .= ++.+=|Started Regular background program processing daemon.

[   21.776941] cloud-init[1088]: |         o+=o . .|
         Starting LXD - container startup/shutdown...
[   21.844975] cloud-init[1088]: |        S.=+     |
[   21.880324]          cloud-initStarting Login Service...[1088]: 
|         oo.     |
         Starting Apply the settings specified in cloud-config...
[   21.908759] cloud-init[1088]: |           ..    |
[   21.952612] [cloud-init[0;32m  OK  [0m[1088]: ] |          .  .   |Started Snappy daemon.

[   21.952930] cloud-init[1088]: |           ..    |
[   22.008440]          cloud-initStarting LSB: Record successful boot for GRUB...[1088]: 
+----[SHA256]-----+
[   22.035466] [cloud-init[0;32m  OK  [0m[1088]: ] Generating public/private dsa key pair.Started Deferred execution scheduler.

[   22.035797] cloud-init[1088]: Your identification has been saved in /etc/ssh/ssh_host_dsa_key.
[   22.072353]          cloud-initStarting Pollinate to seed the pseudo random number generator...[1088]: 
Your public key has been saved in /etc/ssh/ssh_host_dsa_key.pub.
[   22.141071]          cloud-initStarting LSB: MD monitoring daemon...[1088]: 
The key fingerprint is:
[   22.160627]          cloud-initStarting System Logging Service...[1088]: 
SHA256:91bEuOCEzfqnxlS0aobsRQU1udv5ZMvjYxJ5M7ALoZY root@ubuntu-xenial
[   22.175899] [cloud-init[0;32m  OK  [0m[1088]: ] The key's randomart image is:Started D-Bus System Message Bus.

[   22.176323] cloud-init[1088]: +---[DSA 1024]----+
[   22.240327] cloud-init[1088]: |          .oo.   |
[[0;32m  OK  [0m] Started FUSE filesystem for LXC.
[   22.240745] cloud-init[1088]: |         +  ++   |
[   22.264432] [cloud-init[0;32m  OK  [0m[1088]: ] |        . =o.oo  |Started ACPI event daemon.

[   22.264753] cloud-init[1088]: |         +.o++   |
[   22.304386]          cloud-initStarting /etc/rc.local Compatibility...[1088]: 
|       .So=ooo=. |
[   22.348332]          cloud-initStarting Auto import assertions from block devices...[1088]: 
|        oE*o.=o+o|
[   22.380441] [cloud-init[0;32m  OK  [0m[1088]: ] |       ..*. = =++|Started System Logging Service.

[   22.380772] cloud-init[1088]: |        . o+ o *.|
[   22.428600] cloud-init[1088]: |         ..   +.o|
[   22.446242] [cloud-init[0;32m  OK  [0m[1088]: ] +----[SHA256]-----+Started LXD - container startup/shutdown.

[   22.484616] [cloud-init[0;32m  OK  [0m[1088]: ] Generating public/private ecdsa key pair.Started /etc/rc.local Compatibility.

[   22.501386] [cloud-init[0;32m  OK  [0m[1088]: ] Your identification has been saved in /etc/ssh/ssh_host_ecdsa_key.Started Auto import assertions from block devices.

[   22.501647] cloud-init[1088]: Your public key has been saved in /etc/ssh/ssh_host_ecdsa_key.pub.
[   22.604871] [cloud-init[0;32m  OK  [0m[1088]: ] The key fingerprint is:Started Login to default iSCSI targets.

[   22.632503] cloud-init[1088]: SHA256:eWLI7YTbxd4BN/aIQwJsH6b2p/7UgqZYV/XDaEB+AUc root@ubuntu-xenial
[   22.652560] [cloud-init[0;32m  OK  [0m[1088]: ] The key's randomart image is:Started LSB: Record successful boot for GRUB.

[   22.652942] [cloud-init[0;32m  OK  [0m[1088]: ] +---[ECDSA 256]---+Started LSB: MD monitoring daemon.

[   22.736533] [cloud-init[0;32m  OK  [0m[1088]: ] |     ..   ooE    |Started Login Service.

[   22.736857] cloud-init[1088]: |      o.oo . .   |
[   22.768467] [cloud-init[0;32m  OK  [0m[1088]: ] |     . +..= *    |Started Pollinate to seed the pseudo random number generator.

[   22.824530]          cloud-initStarting OpenBSD Secure Shell server...[1088]: 
|     .o+.= O B   |
         [   22.876601] Starting Authenticate and Authorize Users to Run Privileged Tasks...cloud-init
[1088]: |     .+.S B = =  |
[   22.932166] [cloud-init[0;32m  OK  [0m[1088]: ] |       *.B.= . . |Reached target Remote File Systems (Pre).

[[   22.932438] [0;32m  OK  [0mcloud-init] [1088]: Reached target Remote File Systems.|      o *o+ o    |

[   22.992516]          cloud-initStarting LSB: Set the CPU Frequency Scaling governor to "ondemand"...[1088]: 
|     o +.. .     |
[   23.017251]          cloud-initStarting Permit User Sessions...[1088]: 
|    . .....      |
[   23.027085]          cloud-initStarting LSB: automatic crash report generation...[1088]: 
+----[SHA256]-----+
         Starting LSB: VirtualBox Linux Additions...
[   23.072421] cloud-init[1088]: Generating public/private ed25519 key pair.
[   23.116860]          cloud-initStarting LSB: daemon to balance interrupts for SMP systems...[1088]: 
Your identification has been saved in /etc/ssh/ssh_host_ed25519_key.
[   23.149007] [cloud-init[0;32m  OK  [0m[1088]: ] Your public key has been saved in /etc/ssh/ssh_host_ed25519_key.pub.Started OpenBSD Secure Shell server.

[   23.149717] cloud-init[1088]: The key fingerprint is:
[   23.222783] [cloud-init[0;32m  OK  [0m[1088]: ] SHA256:IXvAlL+szlFt6CTwMCvZVB6UTy++GQ+iHaR0jWE0Y9Y root@ubuntu-xenialStarted Permit User Sessions.

[   23.223113] cloud-init[1088]: The key's randomart image is:
[   23.264469] [cloud-init[0;32m  OK  [0m[1088]: ] +--[ED25519 256]--+Started Authenticate and Authorize Users to Run Privileged Tasks.

[   23.264856] cloud-init[1088]: |     o@+         |
[   23.320315] [cloud-init[0;32m  OK  [0m[1088]: ] |     B=+E        |Started Accounts Service.

[   23.320684] cloud-init[1088]: |    =.=B..       |
[   23.396350] [cloud-init[0;32m  OK  [0m[1088]: ] |   +.*++=+.      |Started LSB: Set the CPU Frequency Scaling governor to "ondemand".

[   23.396702] cloud-init[1088]: |  o.o++oSoo      |
[   23.464811] [cloud-init[0;32m  OK  [0m[1088]: ] |   .. o**.       |Started LSB: automatic crash report generation.

[   23.492802]          cloud-initStarting Hold until boot process finishes up...[1088]: 
|     o.+.*       |
[   23.528465]          cloud-initStarting Terminate Plymouth Boot Screen...[1088]: 
|    ..o.o .      |
[   23.576384] [cloud-init[0;32m  OK  [0m[1088]: ] |     .o          |Started LSB: VirtualBox Linux Additions.

[   23.614764] [cloud-init[0;32m  OK  [0m[1088]: ] +----[SHA256]-----+Started LSB: daemon to balance interrupts for SMP systems.

[   23.618514] cloud-init[1201]: Generating locales (this might take a while)...
[   23.700563] [cloud-init[0;32m  OK  [0m[1201]: ]   en_US.UTF-8... doneStarted Hold until boot process finishes up.

[   23.700887] cloud-init[1201]: Generation complete.
[[0;32m  OK  [0m] Started Terminate Plymouth Boot Screen.
         Stopping OpenBSD Secure Shell server...
         Starting Set console scheme...
[[0;32m  OK  [0m] Started Getty on tty1.
[[0;32m  OK  [0m] Started Serial Getty on ttyS0.
[[0;32m  OK  [0m] Reached target Login Prompts.
[[0;32m  OK  [0m] Stopped OpenBSD Secure Shell server.
[[0;32m  OK  [0m] Started Set console scheme.
         Starting OpenBSD Secure Shell server...
[[0;32m  OK  [0m] Started OpenBSD Secure Shell server.
[[0;32m  OK  [0m] Reached target Multi-User System.
[[0;32m  OK  [0m] Reached target Graphical Interface.
         Starting Update UTMP about System Runlevel Changes...
[[0;32m  OK  [0m] Created slice User Slice of ubuntu.
[[0;32m  OK  [0m] Started Session 1 of user ubuntu.
         Starting User Manager for UID 1000...
[[0;32m  OK  [0m] Started Update UTMP about System Runlevel Changes.
[[0;32m  OK  [0m] Started User Manager for UID 1000.
[   24.278897] cloud-init[1201]: Cloud-init v. 0.7.9 running 'modules:config' at Thu, 09 Mar 2017 04:42:36 +0000. Up 22.26 seconds.
[[0;32m  OK  [0m] Started Apply the settings specified in cloud-config.
         Starting Execute cloud user/final scripts...
ci-info: no authorized ssh keys fingerprints found for user ubuntu.
<14>Mar  9 04:42:39 ec2: 
<14>Mar  9 04:42:39 ec2: #############################################################
<14>Mar  9 04:42:39 ec2: -----BEGIN SSH HOST KEY FINGERPRINTS-----
<14>Mar  9 04:42:39 ec2: 1024 SHA256:91bEuOCEzfqnxlS0aobsRQU1udv5ZMvjYxJ5M7ALoZY root@ubuntu-xenial (DSA)
<14>Mar  9 04:42:39 ec2: 256 SHA256:eWLI7YTbxd4BN/aIQwJsH6b2p/7UgqZYV/XDaEB+AUc root@ubuntu-xenial (ECDSA)
<14>Mar  9 04:42:39 ec2: 256 SHA256:IXvAlL+szlFt6CTwMCvZVB6UTy++GQ+iHaR0jWE0Y9Y root@ubuntu-xenial (ED25519)
<14>Mar  9 04:42:39 ec2: 2048 SHA256:U8dqnL8SHDzXWHCDWTYZT3U+pVTmxQc5AyYe8jW2AjQ root@ubuntu-xenial (RSA)
<14>Mar  9 04:42:39 ec2: -----END SSH HOST KEY FINGERPRINTS-----
<14>Mar  9 04:42:39 ec2: #############################################################
-----BEGIN SSH HOST KEY KEYS-----
ecdsa-sha2-nistp256 AAAAE2VjZHNhLXNoYTItbmlzdHAyNTYAAAAIbmlzdHAyNTYAAABBBM5zqqEaA0QPoCycghOBNzsokyDBqtZ8QQNgFlbB1cOwr2M7lVez7LAnG2GG6zfDaNulnVtJaWcoZwauwtZoPJY= root@ubuntu-xenial
ssh-ed25519 AAAAC3NzaC1lZDI1NTE5AAAAID+0aGPPyBozW5j9yklT2v79gnXchf3SKfa7DIwPbCT5 root@ubuntu-xenial
ssh-rsa AAAAB3NzaC1yc2EAAAADAQABAAABAQDaNfDjpZDUMJriNoT6yI95cP6LTv+yGqiXTBSiGtDUhV9aMfsSXNwj+y0XTSfkH3r46LHReZTeax4W08fHYojcqHK6NaZshxLcEBpFIe5kF4o9S4vWEiCW1r68q/rCNFE7JgYHAZOF7hkr8kYNJZ7xarhjEEdT5rtNheCMaK/XA3NupyhhW0T7PpDL23t60jfj2U4zfLsh71hbcB3obIQ8h052ucFTJr4la/KUI0ZpDYCTiXntj3QB0lJr0c/+3AhdcUtypVh14PQkh+q1wl19/ttyGuLTItIzCNqDQSXBUVKXz4IWfgHcCDTQpWMFHKviUeamNY9SSg6dPbKIrbLt root@ubuntu-xenial
-----END SSH HOST KEY KEYS-----
[   25.058673] cloud-init[1526]: Cloud-init v. 0.7.9 running 'modules:final' at Thu, 09 Mar 2017 04:42:39 +0000. Up 24.69 seconds.
[   25.075523] cloud-init[1526]: ci-info: no authorized ssh keys fingerprints found for user ubuntu.
[   25.116871] cloud-init[1526]: Cloud-init v. 0.7.9 finished at Thu, 09 Mar 2017 04:42:39 +0000. Datasource DataSourceNoCloud [seed=/dev/sdb][dsmode=net].  Up 25.05 seconds
[[0;32m  OK  [0m] Started Execute cloud user/final scripts.
[[0;32m  OK  [0m] Reached target Cloud-init target.

Ubuntu 16.04.2 LTS ubuntu-xenial ttyS0

ubuntu-xenial login:          Stopping User Manager for UID 1000...
[[0;32m  OK  [0m] Stopped target Cloud-init target.
[[0;32m  OK  [0m] Stopped target Timers.
         Stopping ACPI event daemon...
[[0;32m  OK  [0m] Stopped Execute cloud user/final scripts.
[[0;32m  OK  [0m] Stopped Daily Cleanup of Temporary Directories.
[[0;32m  OK  [0m] Stopped Daily apt activities.
         Stopping Authenticate and Authorize Users to Run Privileged Tasks...
[[0;32m  OK  [0m] Closed Load/Save RF Kilw         Stopping LSB: Set the CPU Frequency Scaling governor to "ondemand"...
         Stopping Accounts Service...
         Stopping LSB: start Samba daemons for the AD DC...
[[0;32m  OK  [0m] Stopped Apply the settings specified in cloud-config.
[[0;32m  OK  [0m] Stopped target Cloud-config availability.
[[0;32m  OK  [0m] Stopped Timer to automatically refresh installed snaps.
         Stopping LXD - container startup/shutdown...
         Stopping LSB: Set up cgroupfs mounts....
         Stopping Session 4 of user ubuntu.
[[0;32m  OK  [0m] Stopped target System Time Synchronized.
         Stopping LSB: start Samba SMB/CIFS daemon (smbd)...
[[0;32m  OK  [0m] Unmounted /run/docker/netns/671d8bee6018.
[[0;32m  OK  [0m] Unmounted /var/lib/docker/container...ec7b1d1d06bd36e732d70a2b040/shm.
[[0;32m  OK  [0m] Unmounted /var/lib/docker/overlay2/...9e21ef73012af12400189063/merged.
[[0;32m  OK  [0m] Unmounted /var/lib/lxcfs.
[[0;32m  OK  [0m] Stopped Accounts Service.
[[0;32m  OK  [0m] Stopped Regular background program processing daemon.
[[0;32m  OK  [0m] Stopped Snappy daemon.
[[0;32m  OK  [0m] Stopped Deferred execution scheduler.
[[0;32m  OK  [0m] Stopped System Logging Service.
[[0;32m  OK  [0m] Stopped ACPI event daemon.
[[0;32m  OK  [0m] Stopped Authenticate and Authorize Users to Run Privileged Tasks.
[[0;32m  OK  [0m] Stopped Serial Getty on ttyS0.
[[0;32m  OK  [0m] Stopped OpenBSD Secure Shell server.
[[0;32m  OK  [0m] Stopped Getty on tty2.
[[0;32m  OK  [0m] Stopped Getty on tty1.
[[0;32m  OK  [0m] Stopped User Manager for UID 1000.
[[0;32m  OK  [0m] Stopped D-Bus System Message Bus.
[[0;32m  OK  [0m] Stopped LSB: Start or stop the Webmin server.
[[0;32m  OK  [0m] Stopped LSB: Set up cgroupfs mounts..
[[0;32m  OK  [0m] Stopped Session 4 of user ubuntu.
[[0;32m  OK  [0m] Stopped FUSE filesystem for LXC.
[[0;32m  OK  [0m] Unmounted /run/docker/netns/b72193e3fd94.
[[0;32m  OK  [0m] Unmounted /var/lib/docker/container...2d902d3e3e8ee42490686fa7d45/shm.
[[0;32m  OK  [0m] Unmounted /var/lib/docker/overlay2/...e67ccd6f72e760c4328a9bf5/merged.
[[0;32m  OK  [0m] Stopped LSB: MD monitoring daemon.
[[0;32m  OK  [0m] Stopped LSB: VirtualBox Linux Additions.
[[0;32m  OK  [0m] Stopped LSB: Record successful boot for GRUB.
[[0;32m  OK  [0m] Stopped LSB: automatic crash report generation.
[[0;32m  OK  [0m] Stopped LSB: daemon to balance interrupts for SMP systems.
[[0;32m  OK  [0m] Stopped LSB: Set the CPU Frequency Scaling governor to "ondemand".
[[0;32m  OK  [0m] Stopped LXD - container startup/shutdown.
[[0;32m  OK  [0m] Removed slice User Slice of ubuntu.
         Stopping Login Service...
[[0;32m  OK  [0m] Removed slice system-getty.slice.
[[0;32m  OK  [0m] Stopped /etc/rc.local Compatibility.
         Stopping Permit User Sessions...
[[0;32m  OK  [0m] Removed slice system-serial\x2dgetty.slice.
[[0;32m  OK  [0m] Stopped Permit User Sessions.
[[0;32m  OK  [0m] Stopped Login Service.
[[0;32m  OK  [0m] Stopped target User and Group Name Lookups.
[[0;32m  OK  [0m] Unmounted /run/docker/netns/6973e540409b.
[[0;32m  OK  [0m] Unmounted /var/lib/docker/container...bbe186cae58d43758dd7996b657/shm.
[[0;32m  OK  [0m] Unmounted /var/lib/docker/overlay2/...05fa0ce22f4e4738c264b6b2/merged.
[[0;32m  OK  [0m] Unmounted /run/docker/netns/ae02fe233a1b.
[[0;32m  OK  [0m] Unmounted /var/lib/docker/container...db277d8f304cc2a876b464c2d12/shm.
[[0;32m  OK  [0m] Unmounted /var/lib/docker/overlay2/...589514e0b188ce881a49a77e/merged.
[[0;32m  OK  [0m] Unmounted /var/lib/docker/overlay2.
[[0;32m  OK  [0m] Stopped LSB: start Samba daemons for the AD DC.
[[0;32m  OK  [0m] Stopped LSB: start Samba SMB/CIFS daemon (smbd).
         Stopping LSB: start Samba NetBIOS nameserver (nmbd)...
[[0;32m  OK  [0m] Stopped Docker Application Container Engine.
[[0;32m  OK  [0m] Stopped LSB: start Samba NetBIOS nameserver (nmbd).
[[0;32m  OK  [0m] Stopped target Remote File Systems.
[[0;32m  OK  [0m] Stopped target Remote File Systems (Pre).
         Stopping Login to default iSCSI targets...
[[0;32m  OK  [0m] Stopped target Basic System.
[[0;32m  OK  [0m] Stopped target Slices.
[[0;32m  OK  [0m] Removed slice User and Session Slice.
[[0;32m  OK  [0m] Stopped target Paths.
[[0;32m  OK  [0m] Stopped Trigger resolvconf update for networkd DNS.
[[0;32m  OK  [0m] Stopped Dispatch Password Requests to Console Directory Watch.
[[0;32m  OK  [0m] Stopped ACPI Events Check.
[[0;32m  OK  [0m] Stopped Forward Password Requests to Wall Directory Watch.
[[0;32m  OK  [0m] Stopped target Sockets.
[[0;32m  OK  [0m] Closed Syslog Socket.
[[0;32m  OK  [0m] Closed Docker Socket for the API.
[[0;32m  OK  [0m] Closed Socket activation for snappy daemon.
[[0;32m  OK  [0m] Closed LXD - unix socket.
[[0;32m  OK  [0m] Closed D-Bus System Message Bus Socket.
[[0;32m  OK  [0m] Closed UUID daemon activation socket.
[[0;32m  OK  [0m] Closed ACPID Listen Socket.
[[0;32m  OK  [0m] Stopped target System Initialization.
[[0;32m  OK  [0m] Stopped Commit a transient machine-id on disk.
         Stopping Update UTMP about System Boot/Shutdown...
[[0;32m  OK  [0m] Stopped target Swap.
[[0;32m  OK  [0m] Stopped target Encrypted Volumes.
         Stopping Load/Save Random Seed...
[[0;32m  OK  [0m] Stopped Load/Save Random Seed.
[[0;32m  OK  [0m] Stopped Update UTMP about System Boot/Shutdown.
[[0;32m  OK  [0m] Stopped Login to default iSCSI targets.
         Stopping iSCSI initiator daemon (iscsid)...
[[0;32m  OK  [0m] Stopped Create Volatile Files and Directories.
[[0;32m  OK  [0m] Stopped iSCSI initiator daemon (iscsid).
[[0;32m  OK  [0m] Stopped target Network is Online.
[[0;32m  OK  [0m] Stopped target Network.
[[0;32m  OK  [0m] Stopped Initial cloud-init job (metadata service crawler).
         Stopping Raise network interfaces...
[[0;32m  OK  [0m] Stopped Raise network interfaces.
[[0;32m  OK  [0m] Stopped target Network (Pre).
[[0;32m  OK  [0m] Stopped Initial cloud-init job (pre-networking).
[[0;32m  OK  [0m] Stopped target Local File Systems.
         Unmounting /tmp/vagrant-cache...
         Starting Unattended Upgrades Shutdown...
         Unmounting /run/user/1000...
         Unmounting /vagrant...
[[0;32m  OK  [0m] Stopped Apply Kernel Variables.
[[0;32m  OK  [0m] Stopped Load Kernel Modules.
[[0;32m  OK  [0m] Unmounted /tmp/vagrant-cache.
[[0;32m  OK  [0m] Started Unattended Upgrades Shutdown.
[[0;32m  OK  [0m] Unmounted /run/user/1000.
[[0;32m  OK  [0m] Unmounted /vagrant.
[[0;32m  OK  [0m] Reached target Unmount All Filesystems.
[[0;32m  OK  [0m] Stopped target Local File Systems (Pre).
[[0;32m  OK  [0m] Stopped Create Static Device Nodes in /dev.
         Stopping Monitoring of LVM2 mirrors... dmeventd or progress polling...
[[0;32m  OK  [0m] Stopped Remount Root and Kernel File Systems.
[[0;32m  OK  [0m] Reached target Shutdown.
[  423.534841] reboot: Power down